<?xml version="1.0" encoding="UTF-8"?>
<!-- Generated by org.testng.reporters.JUnitReportReporter -->
<testsuite skipped="0" hostname="DESKTOP-14JT5SD" name="org.test.Fblogin" tests="1" failures="0" timestamp="18 Feb 2021 04:40:17 GMT" time="7.677" errors="0">
  <testcase name="test01" time="7.677" classname="org.test.Fblogin"/>
</testsuite> <!-- org.test.Fblogin -->
