<?xml version="1.0" encoding="UTF-8"?>
<!-- Generated by org.testng.reporters.JUnitReportReporter -->
<testsuite skipped="0" hostname="DESKTOP-14JT5SD" name="org.parallel.TestTask" tests="2" failures="0" timestamp="19 Feb 2021 06:45:58 GMT" time="42.275" errors="0">
  <testcase name="test1" time="21.436" classname="org.parallel.TestTask"/>
  <testcase name="test1" time="20.839" classname="org.parallel.TestTask"/>
</testsuite> <!-- org.parallel.TestTask -->
