<?xml version="1.0" encoding="UTF-8"?>
<!-- Generated by org.testng.reporters.JUnitReportReporter -->
<testsuite skipped="0" hostname="DESKTOP-14JT5SD" name="org.test.RedBusLogin" tests="1" failures="0" timestamp="20 Feb 2021 09:13:14 GMT" time="7.499" errors="0">
  <testcase name="test01" time="7.499" classname="org.test.RedBusLogin"/>
</testsuite> <!-- org.test.RedBusLogin -->
