<?xml version="1.0" encoding="UTF-8"?>
<!-- Generated by org.testng.reporters.JUnitReportReporter -->
<testsuite skipped="0" hostname="DESKTOP-14JT5SD" name="org.dataprovider.SampleTask" tests="2" failures="0" timestamp="24 Feb 2021 03:59:20 GMT" time="49.627" errors="0">
  <testcase name="test1" time="27.865" classname="org.dataprovider.SampleTask"/>
  <testcase name="test1" time="21.762" classname="org.dataprovider.SampleTask"/>
</testsuite> <!-- org.dataprovider.SampleTask -->
