<?xml version="1.0" encoding="UTF-8"?>
<!-- Generated by org.testng.reporters.JUnitReportReporter -->
<testsuite skipped="0" hostname="DESKTOP-14JT5SD" name="org.parallel.TestTask1" tests="2" failures="0" timestamp="19 Feb 2021 09:08:45 GMT" time="48.569" errors="0">
  <testcase name="test1" time="24.733" classname="org.parallel.TestTask1"/>
  <testcase name="test1" time="23.836" classname="org.parallel.TestTask1"/>
</testsuite> <!-- org.parallel.TestTask1 -->
