<?xml version="1.0" encoding="UTF-8"?>
<!-- Generated by org.testng.reporters.JUnitReportReporter -->
<testsuite skipped="0" hostname="DESKTOP-14JT5SD" name="org.crossbrowsertesting.SampleTask" tests="3" failures="0" timestamp="21 Feb 2021 06:17:38 GMT" time="137.399" errors="0">
  <testcase name="test1" time="26.321" classname="org.crossbrowsertesting.SampleTask"/>
  <testcase name="test1" time="30.986" classname="org.crossbrowsertesting.SampleTask"/>
  <testcase name="test1" time="80.092" classname="org.crossbrowsertesting.SampleTask"/>
</testsuite> <!-- org.crossbrowsertesting.SampleTask -->
