<?xml version="1.0" encoding="UTF-8"?>
<!-- Generated by org.testng.reporters.JUnitReportReporter -->
<testsuite skipped="0" hostname="DESKTOP-14JT5SD" name="org.test.SampleTask" tests="4" failures="0" timestamp="21 Feb 2021 06:36:43 GMT" time="25.623" errors="0">
  <testcase name="test3" time="1.140" classname="org.test.SampleTask"/>
  <testcase name="test4" time="7.229" classname="org.test.SampleTask"/>
  <testcase name="test1" time="14.835" classname="org.test.SampleTask"/>
  <testcase name="test2" time="2.419" classname="org.test.SampleTask"/>
</testsuite> <!-- org.test.SampleTask -->
