<?xml version="1.0" encoding="UTF-8"?>
<!-- Generated by org.testng.reporters.JUnitReportReporter -->
<testsuite skipped="0" hostname="DESKTOP-14JT5SD" name="org.parallel.SampleTask" tests="2" failures="0" timestamp="19 Feb 2021 13:10:49 GMT" time="53.790" errors="0">
  <testcase name="test1" time="26.219" classname="org.parallel.SampleTask"/>
  <testcase name="test1" time="27.571" classname="org.parallel.SampleTask"/>
</testsuite> <!-- org.parallel.SampleTask -->
